  [1m[35m (0.1ms)[0m  [1m[34mSELECT sqlite_version(*)[0m
  ↳ bin/rails:9
  [1m[35m (1.3ms)[0m  [1m[35mCREATE TABLE "schema_migrations" ("version" varchar NOT NULL PRIMARY KEY)[0m
  ↳ bin/rails:9
  [1m[35m (1.8ms)[0m  [1m[35mCREATE TABLE "ar_internal_metadata" ("key" varchar NOT NULL PRIMARY KEY, "value" varchar, "created_at" datetime NOT NULL, "updated_at" datetime NOT NULL)[0m
  ↳ bin/rails:9
  [1m[35m (0.1ms)[0m  [1m[34mSELECT "schema_migrations"."version" FROM "schema_migrations" ORDER BY "schema_migrations"."version" ASC[0m
  ↳ bin/rails:9
Migrating to CreateUsers (20200326191132)
  [1m[35m (0.1ms)[0m  [1m[36mbegin transaction[0m
  ↳ bin/rails:9
  [1m[35m (0.5ms)[0m  [1m[35mCREATE TABLE "users" ("id" integer PRIMARY KEY AUTOINCREMENT NOT NULL, "email" varchar NOT NULL, "password_digest" varchar NOT NULL, "session_token" varchar NOT NULL, "created_at" datetime NOT NULL, "updated_at" datetime NOT NULL)[0m
  ↳ db/migrate/20200326191132_create_users.rb:3
  [1m[35m (0.2ms)[0m  [1m[35mCREATE UNIQUE INDEX "index_users_on_email" ON "users" ("email")[0m
  ↳ db/migrate/20200326191132_create_users.rb:10
  [1m[35m (0.1ms)[0m  [1m[35mCREATE UNIQUE INDEX "index_users_on_session_token" ON "users" ("session_token")[0m
  ↳ db/migrate/20200326191132_create_users.rb:11
  [1m[36mActiveRecord::SchemaMigration Create (0.2ms)[0m  [1m[32mINSERT INTO "schema_migrations" ("version") VALUES (?)[0m  [["version", "20200326191132"]]
  ↳ bin/rails:9
  [1m[35m (1.5ms)[0m  [1m[36mcommit transaction[0m
  ↳ bin/rails:9
  [1m[36mActiveRecord::InternalMetadata Load (0.1ms)[0m  [1m[34mSELECT  "ar_internal_metadata".* FROM "ar_internal_metadata" WHERE "ar_internal_metadata"."key" = ? LIMIT ?[0m  [["key", "environment"], ["LIMIT", 1]]
  ↳ bin/rails:9
  [1m[35m (0.1ms)[0m  [1m[36mbegin transaction[0m
  ↳ bin/rails:9
  [1m[36mActiveRecord::InternalMetadata Create (0.7ms)[0m  [1m[32mINSERT INTO "ar_internal_metadata" ("key", "value", "created_at", "updated_at") VALUES (?, ?, ?, ?)[0m  [["key", "environment"], ["value", "development"], ["created_at", "2020-03-26 19:13:18.589786"], ["updated_at", "2020-03-26 19:13:18.589786"]]
  ↳ bin/rails:9
  [1m[35m (0.7ms)[0m  [1m[36mcommit transaction[0m
  ↳ bin/rails:9
  [1m[35m (0.1ms)[0m  [1m[34mSELECT "schema_migrations"."version" FROM "schema_migrations" ORDER BY "schema_migrations"."version" ASC[0m
  ↳ bin/rails:9
  [1m[35m (0.1ms)[0m  [1m[36mbegin transaction[0m
  [1m[36mUser Exists (0.6ms)[0m  [1m[34mSELECT  1 AS one FROM "users" WHERE "users"."email" = ? LIMIT ?[0m  [["email", "Glen1"], ["LIMIT", 1]]
  [1m[36mUser Exists (0.6ms)[0m  [1m[34mSELECT  1 AS one FROM "users" WHERE "users"."session_token" = ? LIMIT ?[0m  [["session_token", "5z9v-51S-iV_qENbA7GVTw"], ["LIMIT", 1]]
  [1m[36mUser Create (1.1ms)[0m  [1m[32mINSERT INTO "users" ("email", "password_digest", "session_token", "created_at", "updated_at") VALUES (?, ?, ?, ?, ?)[0m  [["email", "Glen1"], ["password_digest", "$2a$12$/SYZRrhXrthuMmQvWtTnEu9vlE7YYuN/kewHyzmFtGAD5b9mjM0Sy"], ["session_token", "5z9v-51S-iV_qENbA7GVTw"], ["created_at", "2020-03-26 23:43:50.561301"], ["updated_at", "2020-03-26 23:43:50.561301"]]
  [1m[35m (0.8ms)[0m  [1m[36mcommit transaction[0m
Started GET "/users/new" for ::1 at 2020-03-26 16:44:23 -0700
  [1m[35m (0.5ms)[0m  [1m[34mSELECT "schema_migrations"."version" FROM "schema_migrations" ORDER BY "schema_migrations"."version" ASC[0m
  ↳ /Users/glenpark/.rbenv/versions/2.5.1/lib/ruby/gems/2.5.0/gems/activerecord-5.2.4.2/lib/active_record/log_subscriber.rb:98
Processing by UsersController#new as HTML
  Rendering users/new.html.erb within layouts/application
  Rendered users/new.html.erb within layouts/application (2.9ms)
Completed 200 OK in 360ms (Views: 353.9ms | ActiveRecord: 0.0ms)


Started GET "/users/1" for ::1 at 2020-03-26 16:44:24 -0700
Processing by UsersController#show as HTML
  Parameters: {"id"=>"1"}
  [1m[36mUser Load (0.2ms)[0m  [1m[34mSELECT  "users".* FROM "users" WHERE "users"."id" = ? LIMIT ?[0m  [["id", 1], ["LIMIT", 1]]
  ↳ app/controllers/users_controller.rb:16
  Rendering users/show.html.erb within layouts/application
  Rendered users/show.html.erb within layouts/application (0.6ms)
Completed 200 OK in 64ms (Views: 44.1ms | ActiveRecord: 0.9ms)


Started GET "/session/new" for ::1 at 2020-03-26 16:44:28 -0700
Processing by SessionsController#new as HTML
  Rendering sessions/new.html.erb within layouts/application
  Rendered sessions/new.html.erb within layouts/application (0.9ms)
Completed 200 OK in 28ms (Views: 27.8ms | ActiveRecord: 0.0ms)


Started POST "/session" for ::1 at 2020-03-26 16:44:37 -0700
Processing by SessionsController#create as HTML
  Parameters: {"user"=>{"email"=>"Glen1", "password"=>"[FILTERED]"}}
Can't verify CSRF token authenticity.
Completed 422 Unprocessable Entity in 1ms (ActiveRecord: 0.0ms)


  
ActionController::InvalidAuthenticityToken (ActionController::InvalidAuthenticityToken):
  
actionpack (5.2.4.2) lib/action_controller/metal/request_forgery_protection.rb:211:in `handle_unverified_request'
actionpack (5.2.4.2) lib/action_controller/metal/request_forgery_protection.rb:243:in `handle_unverified_request'
actionpack (5.2.4.2) lib/action_controller/metal/request_forgery_protection.rb:238:in `verify_authenticity_token'
activesupport (5.2.4.2) lib/active_support/callbacks.rb:426:in `block in make_lambda'
activesupport (5.2.4.2) lib/active_support/callbacks.rb:198:in `block (2 levels) in halting'
actionpack (5.2.4.2) lib/abstract_controller/callbacks.rb:34:in `block (2 levels) in <module:Callbacks>'
activesupport (5.2.4.2) lib/active_support/callbacks.rb:199:in `block in halting'
activesupport (5.2.4.2) lib/active_support/callbacks.rb:513:in `block in invoke_before'
activesupport (5.2.4.2) lib/active_support/callbacks.rb:513:in `each'
activesupport (5.2.4.2) lib/active_support/callbacks.rb:513:in `invoke_before'
activesupport (5.2.4.2) lib/active_support/callbacks.rb:131:in `run_callbacks'
actionpack (5.2.4.2) lib/abstract_controller/callbacks.rb:41:in `process_action'
actionpack (5.2.4.2) lib/action_controller/metal/rescue.rb:22:in `process_action'
actionpack (5.2.4.2) lib/action_controller/metal/instrumentation.rb:34:in `block in process_action'
activesupport (5.2.4.2) lib/active_support/notifications.rb:168:in `block in instrument'
activesupport (5.2.4.2) lib/active_support/notifications/instrumenter.rb:23:in `instrument'
activesupport (5.2.4.2) lib/active_support/notifications.rb:168:in `instrument'
actionpack (5.2.4.2) lib/action_controller/metal/instrumentation.rb:32:in `process_action'
actionpack (5.2.4.2) lib/action_controller/metal/params_wrapper.rb:256:in `process_action'
activerecord (5.2.4.2) lib/active_record/railties/controller_runtime.rb:24:in `process_action'
actionpack (5.2.4.2) lib/abstract_controller/base.rb:134:in `process'
actionview (5.2.4.2) lib/action_view/rendering.rb:32:in `process'
actionpack (5.2.4.2) lib/action_controller/metal.rb:191:in `dispatch'
actionpack (5.2.4.2) lib/action_controller/metal.rb:252:in `dispatch'
actionpack (5.2.4.2) lib/action_dispatch/routing/route_set.rb:52:in `dispatch'
actionpack (5.2.4.2) lib/action_dispatch/routing/route_set.rb:34:in `serve'
actionpack (5.2.4.2) lib/action_dispatch/journey/router.rb:52:in `block in serve'
actionpack (5.2.4.2) lib/action_dispatch/journey/router.rb:35:in `each'
actionpack (5.2.4.2) lib/action_dispatch/journey/router.rb:35:in `serve'
actionpack (5.2.4.2) lib/action_dispatch/routing/route_set.rb:840:in `call'
rack (2.2.2) lib/rack/tempfile_reaper.rb:15:in `call'
rack (2.2.2) lib/rack/etag.rb:27:in `call'
rack (2.2.2) lib/rack/conditional_get.rb:40:in `call'
rack (2.2.2) lib/rack/head.rb:12:in `call'
actionpack (5.2.4.2) lib/action_dispatch/http/content_security_policy.rb:18:in `call'
rack (2.2.2) lib/rack/session/abstract/id.rb:266:in `context'
rack (2.2.2) lib/rack/session/abstract/id.rb:260:in `call'
actionpack (5.2.4.2) lib/action_dispatch/middleware/cookies.rb:670:in `call'
activerecord (5.2.4.2) lib/active_record/migration.rb:559:in `call'
actionpack (5.2.4.2) lib/action_dispatch/middleware/callbacks.rb:28:in `block in call'
activesupport (5.2.4.2) lib/active_support/callbacks.rb:98:in `run_callbacks'
actionpack (5.2.4.2) lib/action_dispatch/middleware/callbacks.rb:26:in `call'
actionpack (5.2.4.2) lib/action_dispatch/middleware/executor.rb:14:in `call'
actionpack (5.2.4.2) lib/action_dispatch/middleware/debug_exceptions.rb:61:in `call'
web-console (3.7.0) lib/web_console/middleware.rb:135:in `call_app'
web-console (3.7.0) lib/web_console/middleware.rb:30:in `block in call'
web-console (3.7.0) lib/web_console/middleware.rb:20:in `catch'
web-console (3.7.0) lib/web_console/middleware.rb:20:in `call'
actionpack (5.2.4.2) lib/action_dispatch/middleware/show_exceptions.rb:33:in `call'
railties (5.2.4.2) lib/rails/rack/logger.rb:38:in `call_app'
railties (5.2.4.2) lib/rails/rack/logger.rb:26:in `block in call'
activesupport (5.2.4.2) lib/active_support/tagged_logging.rb:71:in `block in tagged'
activesupport (5.2.4.2) lib/active_support/tagged_logging.rb:28:in `tagged'
activesupport (5.2.4.2) lib/active_support/tagged_logging.rb:71:in `tagged'
railties (5.2.4.2) lib/rails/rack/logger.rb:26:in `call'
sprockets-rails (3.2.1) lib/sprockets/rails/quiet_assets.rb:13:in `call'
actionpack (5.2.4.2) lib/action_dispatch/middleware/remote_ip.rb:81:in `call'
actionpack (5.2.4.2) lib/action_dispatch/middleware/request_id.rb:27:in `call'
rack (2.2.2) lib/rack/method_override.rb:24:in `call'
rack (2.2.2) lib/rack/runtime.rb:22:in `call'
activesupport (5.2.4.2) lib/active_support/cache/strategy/local_cache_middleware.rb:29:in `call'
actionpack (5.2.4.2) lib/action_dispatch/middleware/executor.rb:14:in `call'
actionpack (5.2.4.2) lib/action_dispatch/middleware/static.rb:127:in `call'
rack (2.2.2) lib/rack/sendfile.rb:110:in `call'
railties (5.2.4.2) lib/rails/engine.rb:524:in `call'
puma (3.12.4) lib/puma/configuration.rb:227:in `call'
puma (3.12.4) lib/puma/server.rb:675:in `handle_request'
puma (3.12.4) lib/puma/server.rb:476:in `process_client'
puma (3.12.4) lib/puma/server.rb:334:in `block in run'
puma (3.12.4) lib/puma/thread_pool.rb:135:in `block in spawn_thread'
Started POST "/session" for ::1 at 2020-03-26 16:46:34 -0700
Processing by SessionsController#create as HTML
  Parameters: {"user"=>{"email"=>"Glen1", "password"=>"[FILTERED]"}}
Can't verify CSRF token authenticity.
Completed 422 Unprocessable Entity in 2ms (ActiveRecord: 0.0ms)


  
ActionController::InvalidAuthenticityToken (ActionController::InvalidAuthenticityToken):
  
actionpack (5.2.4.2) lib/action_controller/metal/request_forgery_protection.rb:211:in `handle_unverified_request'
actionpack (5.2.4.2) lib/action_controller/metal/request_forgery_protection.rb:243:in `handle_unverified_request'
actionpack (5.2.4.2) lib/action_controller/metal/request_forgery_protection.rb:238:in `verify_authenticity_token'
activesupport (5.2.4.2) lib/active_support/callbacks.rb:426:in `block in make_lambda'
activesupport (5.2.4.2) lib/active_support/callbacks.rb:198:in `block (2 levels) in halting'
actionpack (5.2.4.2) lib/abstract_controller/callbacks.rb:34:in `block (2 levels) in <module:Callbacks>'
activesupport (5.2.4.2) lib/active_support/callbacks.rb:199:in `block in halting'
activesupport (5.2.4.2) lib/active_support/callbacks.rb:513:in `block in invoke_before'
activesupport (5.2.4.2) lib/active_support/callbacks.rb:513:in `each'
activesupport (5.2.4.2) lib/active_support/callbacks.rb:513:in `invoke_before'
activesupport (5.2.4.2) lib/active_support/callbacks.rb:131:in `run_callbacks'
actionpack (5.2.4.2) lib/abstract_controller/callbacks.rb:41:in `process_action'
actionpack (5.2.4.2) lib/action_controller/metal/rescue.rb:22:in `process_action'
actionpack (5.2.4.2) lib/action_controller/metal/instrumentation.rb:34:in `block in process_action'
activesupport (5.2.4.2) lib/active_support/notifications.rb:168:in `block in instrument'
activesupport (5.2.4.2) lib/active_support/notifications/instrumenter.rb:23:in `instrument'
activesupport (5.2.4.2) lib/active_support/notifications.rb:168:in `instrument'
actionpack (5.2.4.2) lib/action_controller/metal/instrumentation.rb:32:in `process_action'
actionpack (5.2.4.2) lib/action_controller/metal/params_wrapper.rb:256:in `process_action'
activerecord (5.2.4.2) lib/active_record/railties/controller_runtime.rb:24:in `process_action'
actionpack (5.2.4.2) lib/abstract_controller/base.rb:134:in `process'
actionview (5.2.4.2) lib/action_view/rendering.rb:32:in `process'
actionpack (5.2.4.2) lib/action_controller/metal.rb:191:in `dispatch'
actionpack (5.2.4.2) lib/action_controller/metal.rb:252:in `dispatch'
actionpack (5.2.4.2) lib/action_dispatch/routing/route_set.rb:52:in `dispatch'
actionpack (5.2.4.2) lib/action_dispatch/routing/route_set.rb:34:in `serve'
actionpack (5.2.4.2) lib/action_dispatch/journey/router.rb:52:in `block in serve'
actionpack (5.2.4.2) lib/action_dispatch/journey/router.rb:35:in `each'
actionpack (5.2.4.2) lib/action_dispatch/journey/router.rb:35:in `serve'
actionpack (5.2.4.2) lib/action_dispatch/routing/route_set.rb:840:in `call'
rack (2.2.2) lib/rack/tempfile_reaper.rb:15:in `call'
rack (2.2.2) lib/rack/etag.rb:27:in `call'
rack (2.2.2) lib/rack/conditional_get.rb:40:in `call'
rack (2.2.2) lib/rack/head.rb:12:in `call'
actionpack (5.2.4.2) lib/action_dispatch/http/content_security_policy.rb:18:in `call'
rack (2.2.2) lib/rack/session/abstract/id.rb:266:in `context'
rack (2.2.2) lib/rack/session/abstract/id.rb:260:in `call'
actionpack (5.2.4.2) lib/action_dispatch/middleware/cookies.rb:670:in `call'
activerecord (5.2.4.2) lib/active_record/migration.rb:559:in `call'
actionpack (5.2.4.2) lib/action_dispatch/middleware/callbacks.rb:28:in `block in call'
activesupport (5.2.4.2) lib/active_support/callbacks.rb:98:in `run_callbacks'
actionpack (5.2.4.2) lib/action_dispatch/middleware/callbacks.rb:26:in `call'
actionpack (5.2.4.2) lib/action_dispatch/middleware/executor.rb:14:in `call'
actionpack (5.2.4.2) lib/action_dispatch/middleware/debug_exceptions.rb:61:in `call'
web-console (3.7.0) lib/web_console/middleware.rb:135:in `call_app'
web-console (3.7.0) lib/web_console/middleware.rb:30:in `block in call'
web-console (3.7.0) lib/web_console/middleware.rb:20:in `catch'
web-console (3.7.0) lib/web_console/middleware.rb:20:in `call'
actionpack (5.2.4.2) lib/action_dispatch/middleware/show_exceptions.rb:33:in `call'
railties (5.2.4.2) lib/rails/rack/logger.rb:38:in `call_app'
railties (5.2.4.2) lib/rails/rack/logger.rb:26:in `block in call'
activesupport (5.2.4.2) lib/active_support/tagged_logging.rb:71:in `block in tagged'
activesupport (5.2.4.2) lib/active_support/tagged_logging.rb:28:in `tagged'
activesupport (5.2.4.2) lib/active_support/tagged_logging.rb:71:in `tagged'
railties (5.2.4.2) lib/rails/rack/logger.rb:26:in `call'
sprockets-rails (3.2.1) lib/sprockets/rails/quiet_assets.rb:13:in `call'
actionpack (5.2.4.2) lib/action_dispatch/middleware/remote_ip.rb:81:in `call'
actionpack (5.2.4.2) lib/action_dispatch/middleware/request_id.rb:27:in `call'
rack (2.2.2) lib/rack/method_override.rb:24:in `call'
rack (2.2.2) lib/rack/runtime.rb:22:in `call'
activesupport (5.2.4.2) lib/active_support/cache/strategy/local_cache_middleware.rb:29:in `call'
actionpack (5.2.4.2) lib/action_dispatch/middleware/executor.rb:14:in `call'
actionpack (5.2.4.2) lib/action_dispatch/middleware/static.rb:127:in `call'
rack (2.2.2) lib/rack/sendfile.rb:110:in `call'
railties (5.2.4.2) lib/rails/engine.rb:524:in `call'
puma (3.12.4) lib/puma/configuration.rb:227:in `call'
puma (3.12.4) lib/puma/server.rb:675:in `handle_request'
puma (3.12.4) lib/puma/server.rb:476:in `process_client'
puma (3.12.4) lib/puma/server.rb:334:in `block in run'
puma (3.12.4) lib/puma/thread_pool.rb:135:in `block in spawn_thread'
Started POST "/session" for ::1 at 2020-03-26 16:47:41 -0700
Processing by SessionsController#create as HTML
  Parameters: {"user"=>{"email"=>"Glen1", "password"=>"[FILTERED]"}}
  [1m[36mUser Load (1.1ms)[0m  [1m[34mSELECT  "users".* FROM "users" WHERE "users"."email" = ? LIMIT ?[0m  [["email", "Glen1"], ["LIMIT", 1]]
  ↳ app/models/user.rb:9
Completed 500 Internal Server Error in 39ms (ActiveRecord: 2.0ms)


  
NameError (uninitialized constant User::BCrypt):
  
app/models/user.rb:23:in `is_password?'
app/models/user.rb:10:in `find_by_credentials'
app/controllers/sessions_controller.rb:7:in `create'
Started POST "/session" for ::1 at 2020-03-26 16:48:30 -0700
Processing by SessionsController#create as HTML
  Parameters: {"user"=>{"email"=>"Glen1", "password"=>"[FILTERED]"}}
  [1m[36mUser Load (0.2ms)[0m  [1m[34mSELECT  "users".* FROM "users" WHERE "users"."email" = ? LIMIT ?[0m  [["email", "Glen1"], ["LIMIT", 1]]
  ↳ app/models/user.rb:9
Completed 500 Internal Server Error in 5ms (ActiveRecord: 0.2ms)


  
NameError (uninitialized constant User::BCrypt):
  
app/models/user.rb:23:in `is_password?'
app/models/user.rb:10:in `find_by_credentials'
app/controllers/sessions_controller.rb:7:in `create'
Started GET "/session/new" for ::1 at 2020-03-26 16:49:19 -0700
  [1m[35m (0.4ms)[0m  [1m[34mSELECT "schema_migrations"."version" FROM "schema_migrations" ORDER BY "schema_migrations"."version" ASC[0m
  ↳ /Users/glenpark/.rbenv/versions/2.5.1/lib/ruby/gems/2.5.0/gems/activerecord-5.2.4.2/lib/active_record/log_subscriber.rb:98
  
ArgumentError (Before process_action callback :verify_authenticity_token has not been defined):
  
app/controllers/application_controller.rb:4:in `<class:ApplicationController>'
app/controllers/application_controller.rb:1:in `<top (required)>'
app/controllers/sessions_controller.rb:1:in `<top (required)>'
Started GET "/session/new" for ::1 at 2020-03-26 16:49:43 -0700
Processing by SessionsController#new as HTML
  Rendering sessions/new.html.erb within layouts/application
  Rendered sessions/new.html.erb within layouts/application (0.7ms)
Completed 200 OK in 235ms (Views: 233.5ms | ActiveRecord: 0.0ms)


Started POST "/session" for ::1 at 2020-03-26 16:49:49 -0700
Processing by SessionsController#create as HTML
  Parameters: {"user"=>{"email"=>"Glen1", "password"=>"[FILTERED]"}}
  [1m[36mUser Load (0.1ms)[0m  [1m[34mSELECT  "users".* FROM "users" WHERE "users"."email" = ? LIMIT ?[0m  [["email", "Glen1"], ["LIMIT", 1]]
  ↳ app/models/user.rb:9
  [1m[35m (0.1ms)[0m  [1m[36mbegin transaction[0m
  ↳ app/models/user.rb:28
  [1m[36mUser Exists (0.1ms)[0m  [1m[34mSELECT  1 AS one FROM "users" WHERE "users"."email" = ? AND "users"."id" != ? LIMIT ?[0m  [["email", "Glen1"], ["id", 1], ["LIMIT", 1]]
  ↳ app/models/user.rb:28
  [1m[36mUser Exists (0.1ms)[0m  [1m[34mSELECT  1 AS one FROM "users" WHERE "users"."session_token" = ? AND "users"."id" != ? LIMIT ?[0m  [["session_token", "iU32C_AkjgvOXqHAfSSrKg"], ["id", 1], ["LIMIT", 1]]
  ↳ app/models/user.rb:28
  [1m[36mUser Update (0.4ms)[0m  [1m[33mUPDATE "users" SET "session_token" = ?, "updated_at" = ? WHERE "users"."id" = ?[0m  [["session_token", "iU32C_AkjgvOXqHAfSSrKg"], ["updated_at", "2020-03-26 23:49:49.583919"], ["id", 1]]
  ↳ app/models/user.rb:28
  [1m[35m (1.2ms)[0m  [1m[36mcommit transaction[0m
  ↳ app/models/user.rb:28
Redirected to http://localhost:3000/users/1
Completed 302 Found in 224ms (ActiveRecord: 2.5ms)


Started GET "/users/1" for ::1 at 2020-03-26 16:49:49 -0700
Processing by UsersController#show as HTML
  Parameters: {"id"=>"1"}
  [1m[36mUser Load (0.2ms)[0m  [1m[34mSELECT  "users".* FROM "users" WHERE "users"."id" = ? LIMIT ?[0m  [["id", 1], ["LIMIT", 1]]
  ↳ app/controllers/users_controller.rb:16
  Rendering users/show.html.erb within layouts/application
  Rendered users/show.html.erb within layouts/application (0.3ms)
Completed 200 OK in 20ms (Views: 18.7ms | ActiveRecord: 0.2ms)


Started GET "/users" for ::1 at 2020-03-26 17:58:40 -0700
  
ActionController::RoutingError (No route matches [GET] "/users"):
  
actionpack (5.2.4.2) lib/action_dispatch/middleware/debug_exceptions.rb:65:in `call'
web-console (3.7.0) lib/web_console/middleware.rb:135:in `call_app'
web-console (3.7.0) lib/web_console/middleware.rb:30:in `block in call'
web-console (3.7.0) lib/web_console/middleware.rb:20:in `catch'
web-console (3.7.0) lib/web_console/middleware.rb:20:in `call'
actionpack (5.2.4.2) lib/action_dispatch/middleware/show_exceptions.rb:33:in `call'
railties (5.2.4.2) lib/rails/rack/logger.rb:38:in `call_app'
railties (5.2.4.2) lib/rails/rack/logger.rb:26:in `block in call'
activesupport (5.2.4.2) lib/active_support/tagged_logging.rb:71:in `block in tagged'
activesupport (5.2.4.2) lib/active_support/tagged_logging.rb:28:in `tagged'
activesupport (5.2.4.2) lib/active_support/tagged_logging.rb:71:in `tagged'
railties (5.2.4.2) lib/rails/rack/logger.rb:26:in `call'
sprockets-rails (3.2.1) lib/sprockets/rails/quiet_assets.rb:13:in `call'
actionpack (5.2.4.2) lib/action_dispatch/middleware/remote_ip.rb:81:in `call'
actionpack (5.2.4.2) lib/action_dispatch/middleware/request_id.rb:27:in `call'
rack (2.2.2) lib/rack/method_override.rb:24:in `call'
rack (2.2.2) lib/rack/runtime.rb:22:in `call'
activesupport (5.2.4.2) lib/active_support/cache/strategy/local_cache_middleware.rb:29:in `call'
actionpack (5.2.4.2) lib/action_dispatch/middleware/executor.rb:14:in `call'
actionpack (5.2.4.2) lib/action_dispatch/middleware/static.rb:127:in `call'
rack (2.2.2) lib/rack/sendfile.rb:110:in `call'
railties (5.2.4.2) lib/rails/engine.rb:524:in `call'
puma (3.12.4) lib/puma/configuration.rb:227:in `call'
puma (3.12.4) lib/puma/server.rb:675:in `handle_request'
puma (3.12.4) lib/puma/server.rb:476:in `process_client'
puma (3.12.4) lib/puma/server.rb:334:in `block in run'
puma (3.12.4) lib/puma/thread_pool.rb:135:in `block in spawn_thread'
Started GET "/session/new" for ::1 at 2020-03-26 18:00:35 -0700
Processing by SessionsController#new as HTML
  Rendering sessions/new.html.erb within layouts/application
  Rendered sessions/new.html.erb within layouts/application (4.4ms)
  [1m[36mUser Load (1.8ms)[0m  [1m[34mSELECT  "users".* FROM "users" WHERE "users"."session_token" = ? LIMIT ?[0m  [["session_token", "iU32C_AkjgvOXqHAfSSrKg"], ["LIMIT", 1]]
  ↳ app/controllers/application_controller.rb:11
Completed 200 OK in 145ms (Views: 131.1ms | ActiveRecord: 1.8ms)


Started POST "/session" for ::1 at 2020-03-26 18:00:42 -0700
Processing by SessionsController#create as HTML
  Parameters: {"user"=>{"email"=>"Glen1", "password"=>"[FILTERED]"}}
  [1m[36mUser Load (0.5ms)[0m  [1m[34mSELECT  "users".* FROM "users" WHERE "users"."email" = ? LIMIT ?[0m  [["email", "Glen1"], ["LIMIT", 1]]
  ↳ app/models/user.rb:9
  [1m[35m (0.2ms)[0m  [1m[36mbegin transaction[0m
  ↳ app/models/user.rb:28
  [1m[36mUser Exists (0.2ms)[0m  [1m[34mSELECT  1 AS one FROM "users" WHERE "users"."email" = ? AND "users"."id" != ? LIMIT ?[0m  [["email", "Glen1"], ["id", 1], ["LIMIT", 1]]
  ↳ app/models/user.rb:28
  [1m[36mUser Exists (0.1ms)[0m  [1m[34mSELECT  1 AS one FROM "users" WHERE "users"."session_token" = ? AND "users"."id" != ? LIMIT ?[0m  [["session_token", "qqLJSHz2Reap3tiRLvRotQ"], ["id", 1], ["LIMIT", 1]]
  ↳ app/models/user.rb:28
  [1m[36mUser Update (0.7ms)[0m  [1m[33mUPDATE "users" SET "session_token" = ?, "updated_at" = ? WHERE "users"."id" = ?[0m  [["session_token", "qqLJSHz2Reap3tiRLvRotQ"], ["updated_at", "2020-03-27 01:00:43.201075"], ["id", 1]]
  ↳ app/models/user.rb:28
  [1m[35m (0.6ms)[0m  [1m[36mcommit transaction[0m
  ↳ app/models/user.rb:28
Redirected to http://localhost:3000/users/1
Completed 302 Found in 255ms (ActiveRecord: 2.3ms)


Started GET "/users/1" for ::1 at 2020-03-26 18:00:43 -0700
Processing by UsersController#show as HTML
  Parameters: {"id"=>"1"}
  [1m[36mUser Load (0.2ms)[0m  [1m[34mSELECT  "users".* FROM "users" WHERE "users"."id" = ? LIMIT ?[0m  [["id", 1], ["LIMIT", 1]]
  ↳ app/controllers/users_controller.rb:16
  Rendering users/show.html.erb within layouts/application
  Rendered users/show.html.erb within layouts/application (0.4ms)
  [1m[36mUser Load (0.2ms)[0m  [1m[34mSELECT  "users".* FROM "users" WHERE "users"."session_token" = ? LIMIT ?[0m  [["session_token", "qqLJSHz2Reap3tiRLvRotQ"], ["LIMIT", 1]]
  ↳ app/controllers/application_controller.rb:11
Completed 200 OK in 31ms (Views: 28.6ms | ActiveRecord: 0.4ms)


Started DELETE "/session" for ::1 at 2020-03-26 18:02:46 -0700
Processing by SessionsController#destroy as HTML
Completed 500 Internal Server Error in 22ms (ActiveRecord: 0.0ms)


  
NoMethodError (undefined method `reset_session_token!' for nil:NilClass):
  
app/controllers/application_controller.rb:20:in `log_out'
app/controllers/sessions_controller.rb:17:in `destroy'
Started GET "/users/new" for ::1 at 2020-03-26 18:02:54 -0700
Processing by UsersController#new as HTML
  Rendering users/new.html.erb within layouts/application
  Rendered users/new.html.erb within layouts/application (0.7ms)
  [1m[36mUser Load (0.4ms)[0m  [1m[34mSELECT  "users".* FROM "users" WHERE "users"."session_token" = ? LIMIT ?[0m  [["session_token", "qqLJSHz2Reap3tiRLvRotQ"], ["LIMIT", 1]]
  ↳ app/controllers/application_controller.rb:11
Completed 200 OK in 39ms (Views: 37.7ms | ActiveRecord: 0.4ms)


Started POST "/users" for ::1 at 2020-03-26 18:03:12 -0700
Processing by UsersController#create as HTML
  Parameters: {"user"=>{"email"=>"glen3", "password"=>"[FILTERED]"}}
  [1m[35m (0.1ms)[0m  [1m[36mbegin transaction[0m
  ↳ app/controllers/users_controller.rb:8
  [1m[36mUser Exists (0.2ms)[0m  [1m[34mSELECT  1 AS one FROM "users" WHERE "users"."email" = ? LIMIT ?[0m  [["email", "glen3"], ["LIMIT", 1]]
  ↳ app/controllers/users_controller.rb:8
  [1m[36mUser Exists (0.1ms)[0m  [1m[34mSELECT  1 AS one FROM "users" WHERE "users"."session_token" = ? LIMIT ?[0m  [["session_token", "mwuAbeLiJpsKW056u7_Qrg"], ["LIMIT", 1]]
  ↳ app/controllers/users_controller.rb:8
  [1m[36mUser Create (1.7ms)[0m  [1m[32mINSERT INTO "users" ("email", "password_digest", "session_token", "created_at", "updated_at") VALUES (?, ?, ?, ?, ?)[0m  [["email", "glen3"], ["password_digest", "$2a$12$ZDAJwOSvKrDkYMOPQbI6Nu2ooBWme12lZa9//Qm3t2PvQ5i1exO52"], ["session_token", "mwuAbeLiJpsKW056u7_Qrg"], ["created_at", "2020-03-27 01:03:12.273399"], ["updated_at", "2020-03-27 01:03:12.273399"]]
  ↳ app/controllers/users_controller.rb:8
  [1m[35m (0.6ms)[0m  [1m[36mcommit transaction[0m
  ↳ app/controllers/users_controller.rb:8
Redirected to http://localhost:3000/users/2
Completed 302 Found in 220ms (ActiveRecord: 2.6ms)


Started GET "/users/2" for ::1 at 2020-03-26 18:03:12 -0700
Processing by UsersController#show as HTML
  Parameters: {"id"=>"2"}
  [1m[36mUser Load (0.1ms)[0m  [1m[34mSELECT  "users".* FROM "users" WHERE "users"."id" = ? LIMIT ?[0m  [["id", 2], ["LIMIT", 1]]
  ↳ app/controllers/users_controller.rb:16
  Rendering users/show.html.erb within layouts/application
  Rendered users/show.html.erb within layouts/application (0.3ms)
  [1m[36mUser Load (0.3ms)[0m  [1m[34mSELECT  "users".* FROM "users" WHERE "users"."session_token" = ? LIMIT ?[0m  [["session_token", "qqLJSHz2Reap3tiRLvRotQ"], ["LIMIT", 1]]
  ↳ app/controllers/application_controller.rb:11
Completed 200 OK in 30ms (Views: 28.6ms | ActiveRecord: 0.4ms)


Started DELETE "/session" for ::1 at 2020-03-26 18:04:02 -0700
Processing by SessionsController#destroy as HTML
Completed 500 Internal Server Error in 10ms (ActiveRecord: 0.0ms)


  
NoMethodError (undefined method `reset_session_token!' for nil:NilClass):
  
app/controllers/application_controller.rb:20:in `log_out'
app/controllers/sessions_controller.rb:17:in `destroy'
Started GET "/users/new" for ::1 at 2020-03-26 18:04:08 -0700
Processing by UsersController#new as HTML
  Rendering users/new.html.erb within layouts/application
  Rendered users/new.html.erb within layouts/application (0.4ms)
  [1m[36mUser Load (0.1ms)[0m  [1m[34mSELECT  "users".* FROM "users" WHERE "users"."session_token" = ? LIMIT ?[0m  [["session_token", "qqLJSHz2Reap3tiRLvRotQ"], ["LIMIT", 1]]
  ↳ app/controllers/application_controller.rb:11
Completed 200 OK in 52ms (Views: 51.3ms | ActiveRecord: 0.7ms)


Started POST "/users" for ::1 at 2020-03-26 18:04:13 -0700
Processing by UsersController#create as HTML
  Parameters: {"user"=>{"email"=>"glen4", "password"=>"[FILTERED]"}}
Completed 500 Internal Server Error in 229084ms (ActiveRecord: 0.0ms)


  
SystemExit (exit):
  
(byebug):1:in `exit'
(byebug):1:in `create'
app/controllers/users_controller.rb:9:in `create'
Started POST "/users" for ::1 at 2020-03-26 18:08:37 -0700
  [1m[35m (0.5ms)[0m  [1m[34mSELECT "schema_migrations"."version" FROM "schema_migrations" ORDER BY "schema_migrations"."version" ASC[0m
  ↳ /Users/glenpark/.rbenv/versions/2.5.1/lib/ruby/gems/2.5.0/gems/activerecord-5.2.4.2/lib/active_record/log_subscriber.rb:98
Processing by UsersController#create as HTML
  Parameters: {"user"=>{"email"=>"glen5", "password"=>"[FILTERED]"}}
  [1m[35m (0.1ms)[0m  [1m[36mbegin transaction[0m
  ↳ app/controllers/users_controller.rb:9
Started POST "/users" for ::1 at 2020-03-26 18:08:41 -0700
Processing by UsersController#create as HTML
  Parameters: {"user"=>{"email"=>"glen5", "password"=>"[FILTERED]"}}
  [1m[36mUser Exists (0.7ms)[0m  [1m[34mSELECT  1 AS one FROM "users" WHERE "users"."email" = ? LIMIT ?[0m  [["email", "glen5"], ["LIMIT", 1]]
  [1m[35m (0.1ms)[0m  [1m[36mbegin transaction[0m
  ↳ app/controllers/users_controller.rb:9
  [1m[36mUser Exists (0.2ms)[0m  [1m[34mSELECT  1 AS one FROM "users" WHERE "users"."email" = ? LIMIT ?[0m  [["email", "glen5"], ["LIMIT", 1]]
  ↳ app/controllers/users_controller.rb:9
  [1m[36mUser Exists (0.4ms)[0m  [1m[34mSELECT  1 AS one FROM "users" WHERE "users"."session_token" = ? LIMIT ?[0m  [["session_token", "gkIiaZfd07SbW0R4uLh8EA"], ["LIMIT", 1]]
  ↳ app/controllers/users_controller.rb:9
  ↳ app/controllers/users_controller.rb:9
  [1m[36mUser Create (0.8ms)[0m  [1m[32mINSERT INTO "users" ("email", "password_digest", "session_token", "created_at", "updated_at") VALUES (?, ?, ?, ?, ?)[0m  [["email", "glen5"], ["password_digest", "$2a$12$OAozwfOEUnZy/V.Phs9imOCaWo3/lud./Nl2rfnr6bC/emPq9RjIW"], ["session_token", "gkIiaZfd07SbW0R4uLh8EA"], ["created_at", "2020-03-27 01:08:43.493550"], ["updated_at", "2020-03-27 01:08:43.493550"]]
  [1m[36mUser Exists (0.1ms)[0m  [1m[34mSELECT  1 AS one FROM "users" WHERE "users"."session_token" = ? LIMIT ?[0m  [["session_token", "UO-MW_6gLWLmZ3Stn6RF8A"], ["LIMIT", 1]]
  ↳ app/controllers/users_controller.rb:9
  ↳ app/controllers/users_controller.rb:9
  [1m[35m (5147.3ms)[0m  [1m[36mcommit transaction[0m
  ↳ app/controllers/users_controller.rb:9
  [1m[35m (0.3ms)[0m  [1m[31mrollback transaction[0m
  ↳ app/controllers/users_controller.rb:9
Completed 500 Internal Server Error in 6770ms (ActiveRecord: 5149.1ms)


  
ActiveRecord::StatementInvalid (SQLite3::BusyException: database is locked: commit transaction):
  
app/controllers/users_controller.rb:9:in `create'
  [1m[36mUser Create (0.5ms)[0m  [1m[32mINSERT INTO "users" ("email", "password_digest", "session_token", "created_at", "updated_at") VALUES (?, ?, ?, ?, ?)[0m  [["email", "glen5"], ["password_digest", "$2a$12$aGKMCdKD/Hx4YnEM504gNuLRB5UZ4nP/NUJQ3bjnBS0WJIiFutsJC"], ["session_token", "UO-MW_6gLWLmZ3Stn6RF8A"], ["created_at", "2020-03-27 01:08:48.645293"], ["updated_at", "2020-03-27 01:08:48.645293"]]
  ↳ app/controllers/users_controller.rb:9
  [1m[35m (0.1ms)[0m  [1m[31mrollback transaction[0m
  ↳ app/controllers/users_controller.rb:9
Completed 500 Internal Server Error in 11362ms (ActiveRecord: 2.6ms)


  
ActiveRecord::StatementInvalid (SQLite3::BusyException: database is locked: INSERT INTO "users" ("email", "password_digest", "session_token", "created_at", "updated_at") VALUES (?, ?, ?, ?, ?)):
  
app/controllers/users_controller.rb:9:in `create'
Started POST "/users" for ::1 at 2020-03-26 18:09:13 -0700
Processing by UsersController#create as HTML
  Parameters: {"user"=>{"email"=>"glen6", "password"=>"[FILTERED]"}}
  [1m[35m (0.1ms)[0m  [1m[36mbegin transaction[0m
  ↳ app/controllers/users_controller.rb:8
  [1m[36mUser Exists (0.1ms)[0m  [1m[34mSELECT  1 AS one FROM "users" WHERE "users"."email" = ? LIMIT ?[0m  [["email", "glen6"], ["LIMIT", 1]]
  ↳ app/controllers/users_controller.rb:8
  [1m[36mUser Exists (0.1ms)[0m  [1m[34mSELECT  1 AS one FROM "users" WHERE "users"."session_token" = ? LIMIT ?[0m  [["session_token", "FS1LTphGxWuk8vHcnkcZgQ"], ["LIMIT", 1]]
  ↳ app/controllers/users_controller.rb:8
  [1m[36mUser Create (0.7ms)[0m  [1m[32mINSERT INTO "users" ("email", "password_digest", "session_token", "created_at", "updated_at") VALUES (?, ?, ?, ?, ?)[0m  [["email", "glen6"], ["password_digest", "$2a$12$W6eOyljg3cewOkORPkGoM.R6rMIHDdeeweFEsjP2DYj9OvbUvHp2."], ["session_token", "FS1LTphGxWuk8vHcnkcZgQ"], ["created_at", "2020-03-27 01:09:13.795394"], ["updated_at", "2020-03-27 01:09:13.795394"]]
  ↳ app/controllers/users_controller.rb:8
  [1m[35m (0.6ms)[0m  [1m[36mcommit transaction[0m
  ↳ app/controllers/users_controller.rb:8
  [1m[35m (0.0ms)[0m  [1m[36mbegin transaction[0m
  ↳ app/models/user.rb:28
  [1m[36mUser Exists (0.1ms)[0m  [1m[34mSELECT  1 AS one FROM "users" WHERE "users"."email" = ? AND "users"."id" != ? LIMIT ?[0m  [["email", "glen6"], ["id", 3], ["LIMIT", 1]]
  ↳ app/models/user.rb:28
  [1m[36mUser Exists (0.1ms)[0m  [1m[34mSELECT  1 AS one FROM "users" WHERE "users"."session_token" = ? AND "users"."id" != ? LIMIT ?[0m  [["session_token", "dApI5vvLZM6YDr0SPTPQvQ"], ["id", 3], ["LIMIT", 1]]
  ↳ app/models/user.rb:28
  [1m[36mUser Update (0.3ms)[0m  [1m[33mUPDATE "users" SET "session_token" = ?, "updated_at" = ? WHERE "users"."id" = ?[0m  [["session_token", "dApI5vvLZM6YDr0SPTPQvQ"], ["updated_at", "2020-03-27 01:09:13.799177"], ["id", 3]]
  ↳ app/models/user.rb:28
  [1m[35m (0.4ms)[0m  [1m[36mcommit transaction[0m
  ↳ app/models/user.rb:28
Redirected to http://localhost:3000/users/3
Completed 302 Found in 227ms (ActiveRecord: 3.2ms)


Started GET "/users/3" for ::1 at 2020-03-26 18:09:13 -0700
Processing by UsersController#show as HTML
  Parameters: {"id"=>"3"}
  [1m[36mUser Load (0.2ms)[0m  [1m[34mSELECT  "users".* FROM "users" WHERE "users"."id" = ? LIMIT ?[0m  [["id", 3], ["LIMIT", 1]]
  ↳ app/controllers/users_controller.rb:17
  Rendering users/show.html.erb within layouts/application
  Rendered users/show.html.erb within layouts/application (0.4ms)
  [1m[36mUser Load (0.2ms)[0m  [1m[34mSELECT  "users".* FROM "users" WHERE "users"."session_token" = ? LIMIT ?[0m  [["session_token", "dApI5vvLZM6YDr0SPTPQvQ"], ["LIMIT", 1]]
  ↳ app/controllers/application_controller.rb:11
Completed 200 OK in 263ms (Views: 260.5ms | ActiveRecord: 0.3ms)


Started DELETE "/session" for ::1 at 2020-03-26 18:09:58 -0700
Processing by SessionsController#destroy as HTML
Completed 500 Internal Server Error in 3ms (ActiveRecord: 0.0ms)


  
NoMethodError (undefined method `reset_session_token!' for nil:NilClass):
  
app/controllers/application_controller.rb:20:in `log_out'
app/controllers/sessions_controller.rb:17:in `destroy'
Started DELETE "/session" for ::1 at 2020-03-26 18:10:52 -0700
Processing by SessionsController#destroy as HTML
  [1m[36mUser Load (0.2ms)[0m  [1m[34mSELECT  "users".* FROM "users" WHERE "users"."session_token" IS NULL LIMIT ?[0m  [["LIMIT", 1]]
  ↳ app/controllers/application_controller.rb:11
Completed 500 Internal Server Error in 14ms (ActiveRecord: 0.7ms)


  
NoMethodError (undefined method `reset_session_token!' for nil:NilClass):
  
app/controllers/application_controller.rb:20:in `log_out'
app/controllers/sessions_controller.rb:17:in `destroy'
Started DELETE "/session" for ::1 at 2020-03-26 18:12:11 -0700
Processing by SessionsController#destroy as HTML
  [1m[36mUser Load (0.2ms)[0m  [1m[34mSELECT  "users".* FROM "users" WHERE "users"."session_token" = ? LIMIT ?[0m  [["session_token", "dApI5vvLZM6YDr0SPTPQvQ"], ["LIMIT", 1]]
  ↳ app/controllers/application_controller.rb:11
  [1m[35m (0.1ms)[0m  [1m[36mbegin transaction[0m
  ↳ app/models/user.rb:28
  [1m[36mUser Exists (0.2ms)[0m  [1m[34mSELECT  1 AS one FROM "users" WHERE "users"."email" = ? AND "users"."id" != ? LIMIT ?[0m  [["email", "glen6"], ["id", 3], ["LIMIT", 1]]
  ↳ app/models/user.rb:28
  [1m[36mUser Exists (0.2ms)[0m  [1m[34mSELECT  1 AS one FROM "users" WHERE "users"."session_token" = ? AND "users"."id" != ? LIMIT ?[0m  [["session_token", "kADPFG318vMd4uGWgnnc8A"], ["id", 3], ["LIMIT", 1]]
  ↳ app/models/user.rb:28
  [1m[36mUser Update (0.9ms)[0m  [1m[33mUPDATE "users" SET "session_token" = ?, "updated_at" = ? WHERE "users"."id" = ?[0m  [["session_token", "kADPFG318vMd4uGWgnnc8A"], ["updated_at", "2020-03-27 01:12:11.712259"], ["id", 3]]
  ↳ app/models/user.rb:28
  [1m[35m (1.8ms)[0m  [1m[36mcommit transaction[0m
  ↳ app/models/user.rb:28
Redirected to http://localhost:3000/session/new
Completed 302 Found in 24ms (ActiveRecord: 4.0ms)


Started GET "/session/new" for ::1 at 2020-03-26 18:12:11 -0700
Processing by SessionsController#new as HTML
  Rendering sessions/new.html.erb within layouts/application
  Rendered sessions/new.html.erb within layouts/application (0.4ms)
  [1m[36mUser Load (0.3ms)[0m  [1m[34mSELECT  "users".* FROM "users" WHERE "users"."session_token" IS NULL LIMIT ?[0m  [["LIMIT", 1]]
  ↳ app/controllers/application_controller.rb:11
Completed 200 OK in 43ms (Views: 41.8ms | ActiveRecord: 0.3ms)


  [1m[36mUser Load (1.0ms)[0m  [1m[34mSELECT "users".* FROM "users"[0m
Started GET "/session/new" for ::1 at 2020-03-26 18:17:33 -0700
Processing by SessionsController#new as HTML
  Rendering sessions/new.html.erb within layouts/application
  Rendered sessions/new.html.erb within layouts/application (1.4ms)
Completed 200 OK in 34ms (Views: 32.4ms | ActiveRecord: 0.0ms)


Started GET "/session/new" for ::1 at 2020-03-26 18:17:36 -0700
Processing by SessionsController#new as HTML
  Rendering sessions/new.html.erb within layouts/application
  Rendered sessions/new.html.erb within layouts/application (1.0ms)
Completed 200 OK in 52ms (Views: 51.2ms | ActiveRecord: 0.0ms)


Started GET "/session/new" for ::1 at 2020-03-26 18:17:38 -0700
Processing by SessionsController#new as HTML
  Rendering sessions/new.html.erb within layouts/application
  Rendered sessions/new.html.erb within layouts/application (0.6ms)
Completed 200 OK in 38ms (Views: 36.8ms | ActiveRecord: 0.0ms)


Started GET "/session/new" for ::1 at 2020-03-26 18:17:39 -0700
Processing by SessionsController#new as HTML
  Rendering sessions/new.html.erb within layouts/application
  Rendered sessions/new.html.erb within layouts/application (0.5ms)
Completed 200 OK in 26ms (Views: 25.1ms | ActiveRecord: 0.0ms)


Started GET "/users/new" for ::1 at 2020-03-26 18:17:50 -0700
Processing by UsersController#new as HTML
  Rendering users/new.html.erb within layouts/application
  Rendered users/new.html.erb within layouts/application (0.5ms)
Completed 200 OK in 26ms (Views: 25.4ms | ActiveRecord: 0.0ms)


Started POST "/users" for ::1 at 2020-03-26 18:18:01 -0700
Processing by UsersController#create as HTML
  Parameters: {"user"=>{"email"=>"MECHAGLen", "password"=>"[FILTERED]"}}
  [1m[35m (0.1ms)[0m  [1m[36mbegin transaction[0m
  ↳ app/controllers/users_controller.rb:8
  [1m[36mUser Exists (0.2ms)[0m  [1m[34mSELECT  1 AS one FROM "users" WHERE "users"."email" = ? LIMIT ?[0m  [["email", "MECHAGLen"], ["LIMIT", 1]]
  ↳ app/controllers/users_controller.rb:8
  [1m[36mUser Exists (0.2ms)[0m  [1m[34mSELECT  1 AS one FROM "users" WHERE "users"."session_token" = ? LIMIT ?[0m  [["session_token", "r3RCe3MSQgJCdemENfqdEQ"], ["LIMIT", 1]]
  ↳ app/controllers/users_controller.rb:8
  [1m[35m (0.1ms)[0m  [1m[31mrollback transaction[0m
  ↳ app/controllers/users_controller.rb:8
Redirected to http://localhost:3000/users/new
Completed 302 Found in 440ms (ActiveRecord: 1.2ms)


Started GET "/users/new" for ::1 at 2020-03-26 18:18:01 -0700
Processing by UsersController#new as HTML
  Rendering users/new.html.erb within layouts/application
  Rendered users/new.html.erb within layouts/application (0.6ms)
Completed 200 OK in 30ms (Views: 29.7ms | ActiveRecord: 0.0ms)


Started POST "/users" for ::1 at 2020-03-26 18:18:09 -0700
Processing by UsersController#create as HTML
  Parameters: {"user"=>{"email"=>"MECHAGlen", "password"=>"[FILTERED]"}}
  [1m[35m (0.1ms)[0m  [1m[36mbegin transaction[0m
  ↳ app/controllers/users_controller.rb:8
  [1m[36mUser Exists (0.1ms)[0m  [1m[34mSELECT  1 AS one FROM "users" WHERE "users"."email" = ? LIMIT ?[0m  [["email", "MECHAGlen"], ["LIMIT", 1]]
  ↳ app/controllers/users_controller.rb:8
  [1m[36mUser Exists (0.1ms)[0m  [1m[34mSELECT  1 AS one FROM "users" WHERE "users"."session_token" = ? LIMIT ?[0m  [["session_token", "g4qpj906nJF8q3m3_qaPAA"], ["LIMIT", 1]]
  ↳ app/controllers/users_controller.rb:8
  [1m[36mUser Create (0.8ms)[0m  [1m[32mINSERT INTO "users" ("email", "password_digest", "session_token", "created_at", "updated_at") VALUES (?, ?, ?, ?, ?)[0m  [["email", "MECHAGlen"], ["password_digest", "$2a$12$wcfR7w/1ckoo9U2imeQVOeaELsJDoQqVGUg.vlrUvfbrBGWsd1ieC"], ["session_token", "g4qpj906nJF8q3m3_qaPAA"], ["created_at", "2020-03-27 01:18:09.782410"], ["updated_at", "2020-03-27 01:18:09.782410"]]
  ↳ app/controllers/users_controller.rb:8
  [1m[35m (1.2ms)[0m  [1m[36mcommit transaction[0m
  ↳ app/controllers/users_controller.rb:8
  [1m[35m (0.1ms)[0m  [1m[36mbegin transaction[0m
  ↳ app/models/user.rb:28
  [1m[36mUser Exists (0.2ms)[0m  [1m[34mSELECT  1 AS one FROM "users" WHERE "users"."email" = ? AND "users"."id" != ? LIMIT ?[0m  [["email", "MECHAGlen"], ["id", 4], ["LIMIT", 1]]
  ↳ app/models/user.rb:28
  [1m[36mUser Exists (0.1ms)[0m  [1m[34mSELECT  1 AS one FROM "users" WHERE "users"."session_token" = ? AND "users"."id" != ? LIMIT ?[0m  [["session_token", "6rcSkO1bHIG_qe3DID5B9w"], ["id", 4], ["LIMIT", 1]]
  ↳ app/models/user.rb:28
  [1m[36mUser Update (0.4ms)[0m  [1m[33mUPDATE "users" SET "session_token" = ?, "updated_at" = ? WHERE "users"."id" = ?[0m  [["session_token", "6rcSkO1bHIG_qe3DID5B9w"], ["updated_at", "2020-03-27 01:18:09.788464"], ["id", 4]]
  ↳ app/models/user.rb:28
  [1m[35m (0.6ms)[0m  [1m[36mcommit transaction[0m
  ↳ app/models/user.rb:28
Redirected to http://localhost:3000/users/4
Completed 302 Found in 223ms (ActiveRecord: 3.5ms)


Started GET "/users/4" for ::1 at 2020-03-26 18:18:09 -0700
Processing by UsersController#show as HTML
  Parameters: {"id"=>"4"}
  [1m[36mUser Load (0.4ms)[0m  [1m[34mSELECT  "users".* FROM "users" WHERE "users"."id" = ? LIMIT ?[0m  [["id", 4], ["LIMIT", 1]]
  ↳ app/controllers/users_controller.rb:17
  Rendering users/show.html.erb within layouts/application
  Rendered users/show.html.erb within layouts/application (0.4ms)
  [1m[36mUser Load (0.2ms)[0m  [1m[34mSELECT  "users".* FROM "users" WHERE "users"."session_token" = ? LIMIT ?[0m  [["session_token", "6rcSkO1bHIG_qe3DID5B9w"], ["LIMIT", 1]]
  ↳ app/controllers/application_controller.rb:12
Completed 200 OK in 30ms (Views: 26.3ms | ActiveRecord: 0.5ms)


